commit 0e3aadfbd5aba61fcfe0ce56a2cb4ffb87004c9f
Author: Yony Zarate Paco <yony.zarate96gmail.com>
Date:   Fri Nov 11 18:49:36 2022 -0400

    primer archivo de javascript

commit d53d8fdccf98f7926b90067814b15670e3010099
Author: Yony Zarate Paco <yony.zarate96gmail.com>
Date:   Fri Nov 11 18:13:56 2022 -0400

    primer archivo de css

commit 1532102e3ed9e6d09140ca8dbeb4d035185425e6
Author: Yony Zarate Paco <yony.zarate96gmail.com>
Date:   Fri Nov 11 11:24:04 2022 -0400

    primeros pasos en git de html

commit 84e9f695e97556808dda372126cbe46e72eb744e
Author: Yony Zarate Paco <yony.zarate96gmail.com>
Date:   Fri Nov 11 10:50:17 2022 -0400

    ignirando archivos .exe

commit 63033fa701f4885ae35baf017e129453ef0315bc
Author: Yony Zarate Paco <38514096+yonyzarate@users.noreply.github.com>
Date:   Wed Nov 9 19:02:26 2022 -0400

    creando licencia del repositorio

commit 35997e9e8c72df26ce30ef05fa717f2b4670afb8
Author: Yony Zarate Paco <yony.zarate96gmail.com>
Date:   Wed Nov 9 18:03:33 2022 -0400

    este es el primer commit
